\BOOKMARK [1][-]{section.1}{\376\377\000I\000n\000t\000r\000o\000d\000u\000c\000t\000i\000o\000n}{}% 1
\BOOKMARK [1][-]{section.2}{\376\377\000D\000a\000t\000a\000s\000e\000t}{}% 2
\BOOKMARK [1][-]{section.3}{\376\377\000N\000o\000t\000e\000s\000\040\000f\000o\000r\000\040\000m\000y\000s\000e\000l\000f}{}% 3
\BOOKMARK [1][-]{section.4}{\376\377\000E\000m\000b\000e\000d\000d\000i\000n\000g\000s}{}% 4
\BOOKMARK [1][-]{section.5}{\376\377\000C\000l\000u\000s\000t\000e\000r\000i\000n\000g}{}% 5
\BOOKMARK [1][-]{section.6}{\376\377\000N\000N}{}% 6
\BOOKMARK [1][-]{section.7}{\376\377\000R\000e\000s\000u\000l\000t\000s}{}% 7
\BOOKMARK [1][-]{section.8}{\376\377\000F\000u\000t\000u\000r\000e\000\040\000W\000o\000r\000k}{}% 8
\BOOKMARK [1][-]{section.9}{\376\377\000I\000n\000t\000r\000o\000d\000u\000c\000t\000i\000o\000n\000\040\000\050\000O\000r\000i\000g\000i\000n\000a\000l\000\051}{}% 9
\BOOKMARK [1][-]{section.10}{\376\377\000E\000n\000g\000i\000n\000e\000s}{}% 10
\BOOKMARK [1][-]{section.11}{\376\377\000P\000r\000e\000a\000m\000b\000l\000e}{}% 11
\BOOKMARK [1][-]{section.12}{\376\377\000D\000o\000c\000u\000m\000e\000n\000t\000\040\000B\000o\000d\000y}{}% 12
\BOOKMARK [2][-]{subsection.12.1}{\376\377\000F\000o\000o\000t\000n\000o\000t\000e\000s}{section.12}% 13
\BOOKMARK [2][-]{subsection.12.2}{\376\377\000T\000a\000b\000l\000e\000s\000\040\000a\000n\000d\000\040\000f\000i\000g\000u\000r\000e\000s}{section.12}% 14
\BOOKMARK [2][-]{subsection.12.3}{\376\377\000H\000y\000p\000e\000r\000l\000i\000n\000k\000s}{section.12}% 15
\BOOKMARK [2][-]{subsection.12.4}{\376\377\000C\000i\000t\000a\000t\000i\000o\000n\000s}{section.12}% 16
\BOOKMARK [2][-]{subsection.12.5}{\376\377\000R\000e\000f\000e\000r\000e\000n\000c\000e\000s}{section.12}% 17
\BOOKMARK [2][-]{subsection.12.6}{\376\377\000E\000q\000u\000a\000t\000i\000o\000n\000s}{section.12}% 18
\BOOKMARK [2][-]{subsection.12.7}{\376\377\000A\000p\000p\000e\000n\000d\000i\000c\000e\000s}{section.12}% 19
\BOOKMARK [1][-]{section.13}{\376\377\000B\000i\000b\000T\000e\000X\000\040\000F\000i\000l\000e\000s}{}% 20
\BOOKMARK [1][-]{appendix.A}{\376\377\000E\000x\000a\000m\000p\000l\000e\000\040\000A\000p\000p\000e\000n\000d\000i\000x}{}% 21
